<?xml version="1.0" encoding="UTF-8"?>
<!-- Generated by org.testng.reporters.JUnitXMLReporter -->
<testsuite ignored="0" hostname="LAPTOP-BAG891I7" failures="0" tests="5" name="UI Application test" time="44.624" errors="0" timestamp="2022-03-27T20:18:22 CEST">
  <testcase classname="teststeps.HomeTest" name="openUrl" time="1.245"/>
  <testcase classname="teststeps.HomeTest" name="verifyHomePageTitle" time="0.01"/>
  <testcase classname="teststeps.EmailTest" name="fillEmail" time="3.502"/>
  <testcase classname="teststeps.FormTest" name="formPageTitleVerify" time="0.007"/>
  <testcase classname="teststeps.FormTest" name="verifyFormErrorMessage" time="1.35"/>
</testsuite> <!-- UI Application test -->
