<?xml version="1.0" encoding="UTF-8"?>
<testng-results ignored="0" total="5" passed="5" failed="0" skipped="0">
  <reporter-output>
  </reporter-output>
  <suite started-at="2022-03-27T20:17:37 CEST" name="Check24 UI Test Suite" finished-at="2022-03-27T20:18:22 CEST" duration-ms="44624">
    <groups>
    </groups>
    <test started-at="2022-03-27T20:17:37 CEST" name="UI Application test" finished-at="2022-03-27T20:18:22 CEST" duration-ms="44624">
      <class name="teststeps.EmailTest">
        <test-method is-config="true" signature="setUp()[pri:0, instance:teststeps.EmailTest@32ee6fee]" started-at="2022-03-27T20:17:51 CEST" name="setUp" finished-at="2022-03-27T20:17:57 CEST" duration-ms="6073" status="PASS">
          <reporter-output>
          </reporter-output>
        </test-method> <!-- setUp -->
        <test-method signature="fillEmail()[pri:0, instance:teststeps.EmailTest@32ee6fee]" started-at="2022-03-27T20:17:57 CEST" name="fillEmail" finished-at="2022-03-27T20:18:01 CEST" duration-ms="3502" status="PASS">
          <reporter-output>
          </reporter-output>
        </test-method> <!-- fillEmail -->
        <test-method is-config="true" signature="tearDown()[pri:0, instance:teststeps.EmailTest@32ee6fee]" started-at="2022-03-27T20:18:01 CEST" name="tearDown" finished-at="2022-03-27T20:18:02 CEST" duration-ms="782" status="PASS">
          <reporter-output>
          </reporter-output>
        </test-method> <!-- tearDown -->
      </class> <!-- teststeps.EmailTest -->
      <class name="teststeps.FormTest">
        <test-method is-config="true" signature="setUp()[pri:0, instance:teststeps.FormTest@4d0f2471]" started-at="2022-03-27T20:18:02 CEST" name="setUp" finished-at="2022-03-27T20:18:11 CEST" duration-ms="8888" status="PASS">
          <reporter-output>
          </reporter-output>
        </test-method> <!-- setUp -->
        <test-method signature="formPageTitleVerify()[pri:0, instance:teststeps.FormTest@4d0f2471]" started-at="2022-03-27T20:18:11 CEST" name="formPageTitleVerify" finished-at="2022-03-27T20:18:11 CEST" duration-ms="7" status="PASS">
          <reporter-output>
          </reporter-output>
        </test-method> <!-- formPageTitleVerify -->
        <test-method is-config="true" signature="tearDown()[pri:0, instance:teststeps.FormTest@4d0f2471]" started-at="2022-03-27T20:18:11 CEST" name="tearDown" finished-at="2022-03-27T20:18:11 CEST" duration-ms="736" status="PASS">
          <reporter-output>
          </reporter-output>
        </test-method> <!-- tearDown -->
        <test-method is-config="true" signature="setUp()[pri:0, instance:teststeps.FormTest@4d0f2471]" started-at="2022-03-27T20:18:11 CEST" name="setUp" finished-at="2022-03-27T20:18:20 CEST" duration-ms="8643" status="PASS">
          <reporter-output>
          </reporter-output>
        </test-method> <!-- setUp -->
        <test-method signature="verifyFormErrorMessage()[pri:0, instance:teststeps.FormTest@4d0f2471]" started-at="2022-03-27T20:18:20 CEST" name="verifyFormErrorMessage" finished-at="2022-03-27T20:18:21 CEST" duration-ms="1350" status="PASS">
          <reporter-output>
          </reporter-output>
        </test-method> <!-- verifyFormErrorMessage -->
        <test-method is-config="true" signature="tearDown()[pri:0, instance:teststeps.FormTest@4d0f2471]" started-at="2022-03-27T20:18:21 CEST" name="tearDown" finished-at="2022-03-27T20:18:22 CEST" duration-ms="757" status="PASS">
          <reporter-output>
          </reporter-output>
        </test-method> <!-- tearDown -->
      </class> <!-- teststeps.FormTest -->
      <class name="teststeps.HomeTest">
        <test-method is-config="true" signature="setUp()[pri:0, instance:teststeps.HomeTest@6d3a388c]" started-at="2022-03-27T20:17:37 CEST" name="setUp" finished-at="2022-03-27T20:17:44 CEST" duration-ms="6130" status="PASS">
          <reporter-output>
          </reporter-output>
        </test-method> <!-- setUp -->
        <test-method signature="openUrl()[pri:0, instance:teststeps.HomeTest@6d3a388c]" started-at="2022-03-27T20:17:44 CEST" name="openUrl" finished-at="2022-03-27T20:17:45 CEST" duration-ms="1245" status="PASS">
          <reporter-output>
          </reporter-output>
        </test-method> <!-- openUrl -->
        <test-method is-config="true" signature="tearDown()[pri:0, instance:teststeps.HomeTest@6d3a388c]" started-at="2022-03-27T20:17:45 CEST" name="tearDown" finished-at="2022-03-27T20:17:46 CEST" duration-ms="754" status="PASS">
          <reporter-output>
          </reporter-output>
        </test-method> <!-- tearDown -->
        <test-method is-config="true" signature="setUp()[pri:0, instance:teststeps.HomeTest@6d3a388c]" started-at="2022-03-27T20:17:46 CEST" name="setUp" finished-at="2022-03-27T20:17:51 CEST" duration-ms="4954" status="PASS">
          <reporter-output>
          </reporter-output>
        </test-method> <!-- setUp -->
        <test-method signature="verifyHomePageTitle()[pri:0, instance:teststeps.HomeTest@6d3a388c]" started-at="2022-03-27T20:17:51 CEST" name="verifyHomePageTitle" finished-at="2022-03-27T20:17:51 CEST" duration-ms="10" status="PASS">
          <reporter-output>
          </reporter-output>
        </test-method> <!-- verifyHomePageTitle -->
        <test-method is-config="true" signature="tearDown()[pri:0, instance:teststeps.HomeTest@6d3a388c]" started-at="2022-03-27T20:17:51 CEST" name="tearDown" finished-at="2022-03-27T20:17:51 CEST" duration-ms="736" status="PASS">
          <reporter-output>
          </reporter-output>
        </test-method> <!-- tearDown -->
      </class> <!-- teststeps.HomeTest -->
    </test> <!-- UI Application test -->
  </suite> <!-- Check24 UI Test Suite -->
</testng-results>
